<?xml version="1.0" encoding="UTF-8"?>
<testsuite name="pprado.forum.api.service.AnswerServiceTest" tests="4" skipped="0" failures="0" errors="0" timestamp="2020-05-03T21:53:48" hostname="ni-33539-0" time="0.017">
  <properties/>
  <testcase name="findAllByQuestionIdTest()" classname="pprado.forum.api.service.AnswerServiceTest" time="0.001"/>
  <testcase name="findByIdTest()" classname="pprado.forum.api.service.AnswerServiceTest" time="0.011"/>
  <testcase name="createTest()" classname="pprado.forum.api.service.AnswerServiceTest" time="0.002"/>
  <testcase name="listAnswersTest()" classname="pprado.forum.api.service.AnswerServiceTest" time="0.001"/>
  <system-out><![CDATA[]]></system-out>
  <system-err><![CDATA[]]></system-err>
</testsuite>
