<?xml version="1.0" encoding="UTF-8"?>
<testsuite name="pprado.forum.api.service.QuestionServiceTest" tests="6" skipped="0" failures="0" errors="0" timestamp="2020-05-03T21:53:48" hostname="ni-33539-0" time="0.084">
  <properties/>
  <testcase name="getByIdTest()" classname="pprado.forum.api.service.QuestionServiceTest" time="0.026"/>
  <testcase name="getAnswersByQuestionIdTest()" classname="pprado.forum.api.service.QuestionServiceTest" time="0.036"/>
  <testcase name="getAnswersByQuestionIdTest_EmptyReturn()" classname="pprado.forum.api.service.QuestionServiceTest" time="0.001"/>
  <testcase name="listQuestionsTest()" classname="pprado.forum.api.service.QuestionServiceTest" time="0.014"/>
  <testcase name="createTest()" classname="pprado.forum.api.service.QuestionServiceTest" time="0.001"/>
  <testcase name="getNewQuestionTest()" classname="pprado.forum.api.service.QuestionServiceTest" time="0.001"/>
  <system-out><![CDATA[]]></system-out>
  <system-err><![CDATA[]]></system-err>
</testsuite>
