<?xml version="1.0" encoding="UTF-8"?>
<testsuite name="pprado.forum.api.resource.AnswerResourceTest" tests="11" skipped="0" failures="0" errors="0" timestamp="2020-05-03T21:53:48" hostname="ni-33539-0" time="0.011">
  <properties/>
  <testcase name="createTest_Exception()" classname="pprado.forum.api.resource.AnswerResourceTest" time="0.001"/>
  <testcase name="findAllByQuestionIdTest()" classname="pprado.forum.api.resource.AnswerResourceTest" time="0.001"/>
  <testcase name="findByIdTest_Empty()" classname="pprado.forum.api.resource.AnswerResourceTest" time="0.0"/>
  <testcase name="listAnswersTest_Empty()" classname="pprado.forum.api.resource.AnswerResourceTest" time="0.0"/>
  <testcase name="findAllByQuestionIdTest_Exception()" classname="pprado.forum.api.resource.AnswerResourceTest" time="0.0"/>
  <testcase name="listAnswersTest_Exception()" classname="pprado.forum.api.resource.AnswerResourceTest" time="0.0"/>
  <testcase name="findAllByQuestionIdTest_Empty()" classname="pprado.forum.api.resource.AnswerResourceTest" time="0.0"/>
  <testcase name="findByIdTest()" classname="pprado.forum.api.resource.AnswerResourceTest" time="0.001"/>
  <testcase name="createTest()" classname="pprado.forum.api.resource.AnswerResourceTest" time="0.001"/>
  <testcase name="findByIdTest_Exception()" classname="pprado.forum.api.resource.AnswerResourceTest" time="0.001"/>
  <testcase name="listAnswersTest()" classname="pprado.forum.api.resource.AnswerResourceTest" time="0.001"/>
  <system-out><![CDATA[]]></system-out>
  <system-err><![CDATA[]]></system-err>
</testsuite>
